-------------------------------------------------------------------------------
Test set: com.test.rest.api.SerenityTest
-------------------------------------------------------------------------------
Tests run: 3, Failures: 3, Errors: 0, Skipped: 0, Time elapsed: 14.926 s <<< FAILURE! - in com.test.rest.api.SerenityTest
verifyThatUserCanQueryCurrentWeatherWithPostCode(com.test.rest.api.SerenityTest)  Time elapsed: 11.447 s  <<< FAILURE!
java.lang.AssertionError: 
1 expectation failed.
JSON path data[0].weather.description doesn't match.
Expected: is "Clear sky"
  Actual: Overcast clouds

	at com.test.rest.api.SerenityTest.verifyThatUserCanQueryCurrentWeatherWithPostCode(SerenityTest.java:21)

verifyThatUserCanQueryCurrentWeatherWithLocation(com.test.rest.api.SerenityTest)  Time elapsed: 1.504 s  <<< FAILURE!
java.lang.AssertionError: 
1 expectation failed.
JSON path data[0].weather.description doesn't match.
Expected: is "Scattered clouds"
  Actual: Few clouds

	at com.test.rest.api.SerenityTest.verifyThatUserCanQueryCurrentWeatherWithLocation(SerenityTest.java:35)

verifyThatUserCanQueryCurrentWeatherWithPostCode_negativeTest(com.test.rest.api.SerenityTest)  Time elapsed: 1.611 s  <<< FAILURE!
java.lang.AssertionError: 
1 expectation failed.
Expected status code <400> but was <200>.

	at com.test.rest.api.SerenityTest.verifyThatUserCanQueryCurrentWeatherWithPostCode_negativeTest(SerenityTest.java:27)

